BFGSLineSearch:   0[  0]  23:56:55        4.619425       3.1775
BFGSLineSearch:   1[  5]  23:56:55        0.076476       2.9323
BFGSLineSearch:   2[  8]  23:56:55        0.041400       1.6682
BFGSLineSearch:   3[ 10]  23:56:55        0.014135       0.6899
BFGSLineSearch:   4[ 12]  23:56:55        0.000092       0.0969
BFGSLineSearch:   5[ 13]  23:56:55        0.000000       0.0040
BFGSLineSearch:   6[ 14]  23:56:55        0.000000       0.0001
BFGSLineSearch:   0[  0]  00:03:10        4.619425       3.1775
BFGSLineSearch:   1[  5]  00:03:10        0.076476       2.9323
BFGSLineSearch:   2[  8]  00:03:10        0.041400       1.6682
BFGSLineSearch:   3[ 10]  00:03:10        0.014135       0.6899
BFGSLineSearch:   4[ 12]  00:03:10        0.000092       0.0969
BFGSLineSearch:   5[ 13]  00:03:10        0.000000       0.0040
BFGSLineSearch:   6[ 14]  00:03:10        0.000000       0.0001
BFGSLineSearch:   0[  0]  00:03:24        4.619425       3.1775
BFGSLineSearch:   1[  5]  00:03:24        0.076476       2.9323
BFGSLineSearch:   2[  8]  00:03:24        0.041400       1.6682
BFGSLineSearch:   3[ 10]  00:03:24        0.014135       0.6899
BFGSLineSearch:   4[ 12]  00:03:24        0.000092       0.0969
BFGSLineSearch:   5[ 13]  00:03:24        0.000000       0.0040
BFGSLineSearch:   6[ 14]  00:03:24        0.000000       0.0001
BFGSLineSearch:   0[  0]  00:03:35        4.619425       3.1775
BFGSLineSearch:   1[  5]  00:03:35        0.076476       2.9323
BFGSLineSearch:   2[  8]  00:03:35        0.041400       1.6682
BFGSLineSearch:   3[ 10]  00:03:35        0.014135       0.6899
BFGSLineSearch:   4[ 12]  00:03:35        0.000092       0.0969
BFGSLineSearch:   5[ 13]  00:03:35        0.000000       0.0040
BFGSLineSearch:   6[ 14]  00:03:35        0.000000       0.0001
BFGSLineSearch:   0[  0]  00:03:41        4.619425       3.1775
BFGSLineSearch:   1[  5]  00:03:41        0.076476       2.9323
BFGSLineSearch:   2[  8]  00:03:41        0.041400       1.6682
BFGSLineSearch:   3[ 10]  00:03:41        0.014135       0.6899
BFGSLineSearch:   4[ 12]  00:03:42        0.000092       0.0969
BFGSLineSearch:   5[ 13]  00:03:42        0.000000       0.0040
BFGSLineSearch:   6[ 14]  00:03:42        0.000000       0.0001
BFGSLineSearch:   0[  0]  00:03:47        4.619425       3.1775
BFGSLineSearch:   1[  5]  00:03:47        0.076476       2.9323
BFGSLineSearch:   2[  8]  00:03:47        0.041400       1.6682
BFGSLineSearch:   3[ 10]  00:03:47        0.014135       0.6899
BFGSLineSearch:   4[ 12]  00:03:47        0.000092       0.0969
BFGSLineSearch:   5[ 13]  00:03:47        0.000000       0.0040
BFGSLineSearch:   6[ 14]  00:03:47        0.000000       0.0001
BFGSLineSearch:   0[  0]  00:04:08        4.619425       3.1775
BFGSLineSearch:   1[  5]  00:04:08        0.076476       2.9323
BFGSLineSearch:   2[  8]  00:04:08        0.041400       1.6682
BFGSLineSearch:   3[ 10]  00:04:08        0.014135       0.6899
BFGSLineSearch:   4[ 12]  00:04:08        0.000092       0.0969
BFGSLineSearch:   5[ 13]  00:04:08        0.000000       0.0040
BFGSLineSearch:   6[ 14]  00:04:08        0.000000       0.0001
BFGSLineSearch:   0[  0]  00:04:55        4.619425       3.1775
BFGSLineSearch:   1[  5]  00:04:56        0.076476       2.9323
BFGSLineSearch:   2[  8]  00:04:56        0.041400       1.6682
BFGSLineSearch:   3[ 10]  00:04:56        0.014135       0.6899
BFGSLineSearch:   4[ 12]  00:04:56        0.000092       0.0969
BFGSLineSearch:   5[ 13]  00:04:56        0.000000       0.0040
BFGSLineSearch:   6[ 14]  00:04:56        0.000000       0.0001
BFGSLineSearch:   7[ 16]  00:04:56        0.000000       0.0000
BFGSLineSearch:   0[  0]  00:05:04        4.619425       3.1775
BFGSLineSearch:   1[  5]  00:05:04        0.076476       2.9323
BFGSLineSearch:   2[  8]  00:05:04        0.041400       1.6682
BFGSLineSearch:   3[ 10]  00:05:04        0.014135       0.6899
BFGSLineSearch:   4[ 12]  00:05:04        0.000092       0.0969
BFGSLineSearch:   5[ 13]  00:05:04        0.000000       0.0040
BFGSLineSearch:   6[ 14]  00:05:04        0.000000       0.0001
BFGSLineSearch:   7[ 16]  00:05:04        0.000000       0.0000
BFGSLineSearch:   0[  0]  00:05:22        4.619425       3.1775
BFGSLineSearch:   1[  5]  00:05:22        0.076476       2.9323
BFGSLineSearch:   2[  8]  00:05:22        0.041400       1.6682
BFGSLineSearch:   3[ 10]  00:05:22        0.014135       0.6899
BFGSLineSearch:   4[ 12]  00:05:22        0.000092       0.0969
BFGSLineSearch:   5[ 13]  00:05:22        0.000000       0.0040
BFGSLineSearch:   6[ 14]  00:05:22        0.000000       0.0001
BFGSLineSearch:   7[ 16]  00:05:22        0.000000       0.0000
BFGSLineSearch:   0[  0]  00:05:29        4.619425       3.1775
BFGSLineSearch:   1[  5]  00:05:29        0.076476       2.9323
BFGSLineSearch:   2[  8]  00:05:29        0.041400       1.6682
BFGSLineSearch:   3[ 10]  00:05:30        0.014135       0.6899
BFGSLineSearch:   4[ 12]  00:05:30        0.000092       0.0969
BFGSLineSearch:   5[ 13]  00:05:30        0.000000       0.0040
BFGSLineSearch:   6[ 14]  00:05:30        0.000000       0.0001
BFGSLineSearch:   7[ 16]  00:05:30        0.000000       0.0000
BFGSLineSearch:   0[  0]  00:05:33        4.619425       3.1775
BFGSLineSearch:   1[  5]  00:05:33        0.076476       2.9323
BFGSLineSearch:   2[  8]  00:05:33        0.041400       1.6682
BFGSLineSearch:   3[ 10]  00:05:33        0.014135       0.6899
BFGSLineSearch:   4[ 12]  00:05:33        0.000092       0.0969
BFGSLineSearch:   5[ 13]  00:05:33        0.000000       0.0040
BFGSLineSearch:   6[ 14]  00:05:33        0.000000       0.0001
BFGSLineSearch:   7[ 16]  00:05:33        0.000000       0.0000
BFGSLineSearch:   0[  0]  00:05:39        4.619425       3.1775
BFGSLineSearch:   1[  5]  00:05:39        0.076476       2.9323
BFGSLineSearch:   2[  8]  00:05:39        0.041400       1.6682
BFGSLineSearch:   3[ 10]  00:05:39        0.014135       0.6899
BFGSLineSearch:   4[ 12]  00:05:39        0.000092       0.0969
BFGSLineSearch:   5[ 13]  00:05:39        0.000000       0.0040
BFGSLineSearch:   6[ 14]  00:05:39        0.000000       0.0001
BFGSLineSearch:   7[ 16]  00:05:39        0.000000       0.0000
BFGSLineSearch:   0[  0]  00:05:44        4.619425       3.1775
BFGSLineSearch:   1[  5]  00:05:44        0.076476       2.9323
BFGSLineSearch:   2[  8]  00:05:44        0.041400       1.6682
BFGSLineSearch:   3[ 10]  00:05:44        0.014135       0.6899
BFGSLineSearch:   4[ 12]  00:05:44        0.000092       0.0969
BFGSLineSearch:   5[ 13]  00:05:45        0.000000       0.0040
BFGSLineSearch:   6[ 14]  00:05:45        0.000000       0.0001
BFGSLineSearch:   7[ 16]  00:05:45        0.000000       0.0000
BFGSLineSearch:   0[  0]  00:05:51        4.619425       3.1775
BFGSLineSearch:   1[  5]  00:05:51        0.076476       2.9323
BFGSLineSearch:   2[  8]  00:05:51        0.041400       1.6682
BFGSLineSearch:   3[ 10]  00:05:51        0.014135       0.6899
BFGSLineSearch:   4[ 12]  00:05:52        0.000092       0.0969
BFGSLineSearch:   5[ 13]  00:05:52        0.000000       0.0040
BFGSLineSearch:   6[ 14]  00:05:52        0.000000       0.0001
BFGSLineSearch:   7[ 16]  00:05:52        0.000000       0.0000
BFGSLineSearch:   0[  0]  00:05:55        4.619425       3.1775
BFGSLineSearch:   1[  5]  00:05:56        0.076476       2.9323
BFGSLineSearch:   2[  8]  00:05:56        0.041400       1.6682
BFGSLineSearch:   3[ 10]  00:05:56        0.014135       0.6899
BFGSLineSearch:   4[ 12]  00:05:56        0.000092       0.0969
BFGSLineSearch:   5[ 13]  00:05:56        0.000000       0.0040
BFGSLineSearch:   6[ 14]  00:05:56        0.000000       0.0001
BFGSLineSearch:   7[ 16]  00:05:56        0.000000       0.0000
BFGSLineSearch:   0[  0]  00:06:03        4.619425       3.1775
BFGSLineSearch:   1[  5]  00:06:03        0.076476       2.9323
BFGSLineSearch:   2[  8]  00:06:03        0.041400       1.6682
BFGSLineSearch:   3[ 10]  00:06:03        0.014135       0.6899
BFGSLineSearch:   4[ 12]  00:06:03        0.000092       0.0969
BFGSLineSearch:   5[ 13]  00:06:03        0.000000       0.0040
BFGSLineSearch:   6[ 14]  00:06:03        0.000000       0.0001
BFGSLineSearch:   7[ 16]  00:06:03        0.000000       0.0000
BFGSLineSearch:   0[  0]  00:06:18        4.619425       3.1775
BFGSLineSearch:   1[  5]  00:06:18        0.076476       2.9323
BFGSLineSearch:   2[  8]  00:06:18        0.041400       1.6682
BFGSLineSearch:   3[ 10]  00:06:18        0.014135       0.6899
BFGSLineSearch:   4[ 12]  00:06:18        0.000092       0.0969
BFGSLineSearch:   5[ 13]  00:06:18        0.000000       0.0040
BFGSLineSearch:   6[ 14]  00:06:18        0.000000       0.0001
BFGSLineSearch:   7[ 16]  00:06:18        0.000000       0.0000
BFGSLineSearch:   0[  0]  00:06:40        4.619425       3.1775
BFGSLineSearch:   1[  5]  00:06:40        0.076476       2.9323
BFGSLineSearch:   2[  8]  00:06:40        0.041400       1.6682
BFGSLineSearch:   3[ 10]  00:06:40        0.014135       0.6899
BFGSLineSearch:   4[ 12]  00:06:40        0.000092       0.0969
BFGSLineSearch:   5[ 13]  00:06:40        0.000000       0.0040
BFGSLineSearch:   6[ 14]  00:06:40        0.000000       0.0001
BFGSLineSearch:   7[ 16]  00:06:40        0.000000       0.0000
BFGSLineSearch:   0[  0]  00:06:45        4.619425       3.1775
BFGSLineSearch:   1[  5]  00:06:45        0.076476       2.9323
BFGSLineSearch:   2[  8]  00:06:45        0.041400       1.6682
BFGSLineSearch:   3[ 10]  00:06:45        0.014135       0.6899
BFGSLineSearch:   4[ 12]  00:06:45        0.000092       0.0969
BFGSLineSearch:   5[ 13]  00:06:45        0.000000       0.0040
BFGSLineSearch:   6[ 14]  00:06:45        0.000000       0.0001
BFGSLineSearch:   7[ 16]  00:06:45        0.000000       0.0000
BFGSLineSearch:   0[  0]  00:06:53        4.619425       3.1775
BFGSLineSearch:   1[  5]  00:06:53        0.076476       2.9323
BFGSLineSearch:   2[  8]  00:06:53        0.041400       1.6682
BFGSLineSearch:   3[ 10]  00:06:53        0.014135       0.6899
BFGSLineSearch:   4[ 12]  00:06:54        0.000092       0.0969
BFGSLineSearch:   5[ 13]  00:06:54        0.000000       0.0040
BFGSLineSearch:   6[ 14]  00:06:54        0.000000       0.0001
BFGSLineSearch:   7[ 16]  00:06:54        0.000000       0.0000
BFGSLineSearch:   0[  0]  00:06:59        4.619425       3.1775
BFGSLineSearch:   1[  5]  00:06:59        0.076476       2.9323
BFGSLineSearch:   2[  8]  00:06:59        0.041400       1.6682
BFGSLineSearch:   3[ 10]  00:06:59        0.014135       0.6899
BFGSLineSearch:   4[ 12]  00:06:59        0.000092       0.0969
BFGSLineSearch:   5[ 13]  00:06:59        0.000000       0.0040
BFGSLineSearch:   6[ 14]  00:06:59        0.000000       0.0001
BFGSLineSearch:   7[ 16]  00:06:59        0.000000       0.0000
BFGSLineSearch:   0[  0]  00:07:14        4.619425       3.1775
BFGSLineSearch:   1[  5]  00:07:14        0.076476       2.9323
BFGSLineSearch:   2[  8]  00:07:14        0.041400       1.6682
BFGSLineSearch:   3[ 10]  00:07:14        0.014135       0.6899
BFGSLineSearch:   4[ 12]  00:07:14        0.000092       0.0969
BFGSLineSearch:   5[ 13]  00:07:14        0.000000       0.0040
BFGSLineSearch:   6[ 14]  00:07:14        0.000000       0.0001
BFGSLineSearch:   7[ 16]  00:07:14        0.000000       0.0000
BFGSLineSearch:   0[  0]  00:07:25        4.619425       3.1775
BFGSLineSearch:   1[  5]  00:07:25        0.076476       2.9323
BFGSLineSearch:   2[  8]  00:07:25        0.041400       1.6682
BFGSLineSearch:   3[ 10]  00:07:25        0.014135       0.6899
BFGSLineSearch:   4[ 12]  00:07:25        0.000092       0.0969
BFGSLineSearch:   5[ 13]  00:07:25        0.000000       0.0040
BFGSLineSearch:   6[ 14]  00:07:25        0.000000       0.0001
BFGSLineSearch:   7[ 16]  00:07:25        0.000000       0.0000
BFGSLineSearch:   0[  0]  00:07:31        4.619425       3.1775
BFGSLineSearch:   1[  5]  00:07:31        0.076476       2.9323
BFGSLineSearch:   2[  8]  00:07:31        0.041400       1.6682
BFGSLineSearch:   3[ 10]  00:07:31        0.014135       0.6899
BFGSLineSearch:   4[ 12]  00:07:31        0.000092       0.0969
BFGSLineSearch:   5[ 13]  00:07:31        0.000000       0.0040
BFGSLineSearch:   6[ 14]  00:07:31        0.000000       0.0001
BFGSLineSearch:   7[ 16]  00:07:31        0.000000       0.0000
BFGSLineSearch:   0[  0]  00:07:48        4.619425       3.1775
BFGSLineSearch:   1[  5]  00:07:48        0.076476       2.9323
BFGSLineSearch:   2[  8]  00:07:48        0.041400       1.6682
BFGSLineSearch:   3[ 10]  00:07:48        0.014135       0.6899
BFGSLineSearch:   4[ 12]  00:07:48        0.000092       0.0969
BFGSLineSearch:   5[ 13]  00:07:48        0.000000       0.0040
BFGSLineSearch:   6[ 14]  00:07:48        0.000000       0.0001
BFGSLineSearch:   7[ 16]  00:07:48        0.000000       0.0000
BFGSLineSearch:   0[  0]  00:07:54        4.619425       3.1775
BFGSLineSearch:   1[  5]  00:07:54        0.076476       2.9323
BFGSLineSearch:   2[  8]  00:07:54        0.041400       1.6682
BFGSLineSearch:   3[ 10]  00:07:55        0.014135       0.6899
BFGSLineSearch:   4[ 12]  00:07:55        0.000092       0.0969
BFGSLineSearch:   5[ 13]  00:07:55        0.000000       0.0040
BFGSLineSearch:   6[ 14]  00:07:55        0.000000       0.0001
BFGSLineSearch:   7[ 16]  00:07:55        0.000000       0.0000
BFGSLineSearch:   0[  0]  00:08:03        4.619425       3.1775
BFGSLineSearch:   1[  5]  00:08:03        0.076476       2.9323
BFGSLineSearch:   2[  8]  00:08:03        0.041400       1.6682
BFGSLineSearch:   3[ 10]  00:08:03        0.014135       0.6899
BFGSLineSearch:   4[ 12]  00:08:03        0.000092       0.0969
BFGSLineSearch:   5[ 13]  00:08:03        0.000000       0.0040
BFGSLineSearch:   6[ 14]  00:08:03        0.000000       0.0001
BFGSLineSearch:   7[ 16]  00:08:03        0.000000       0.0000
BFGSLineSearch:   0[  0]  00:08:13        4.619425       3.1775
BFGSLineSearch:   1[  5]  00:08:13        0.076476       2.9323
BFGSLineSearch:   2[  8]  00:08:13        0.041400       1.6682
BFGSLineSearch:   3[ 10]  00:08:13        0.014135       0.6899
BFGSLineSearch:   4[ 12]  00:08:13        0.000092       0.0969
BFGSLineSearch:   5[ 13]  00:08:13        0.000000       0.0040
BFGSLineSearch:   6[ 14]  00:08:13        0.000000       0.0001
BFGSLineSearch:   7[ 16]  00:08:13        0.000000       0.0000
BFGSLineSearch:   0[  0]  00:08:33        4.619425       3.1775
BFGSLineSearch:   1[  5]  00:08:33        0.076476       2.9323
BFGSLineSearch:   2[  8]  00:08:33        0.041400       1.6682
BFGSLineSearch:   3[ 10]  00:08:33        0.014135       0.6899
BFGSLineSearch:   4[ 12]  00:08:33        0.000092       0.0969
BFGSLineSearch:   5[ 13]  00:08:33        0.000000       0.0040
BFGSLineSearch:   6[ 14]  00:08:33        0.000000       0.0001
BFGSLineSearch:   7[ 16]  00:08:33        0.000000       0.0000
BFGSLineSearch:   0[  0]  00:08:47        4.619425       3.1775
BFGSLineSearch:   1[  5]  00:08:47        0.076476       2.9323
BFGSLineSearch:   2[  8]  00:08:47        0.041400       1.6682
BFGSLineSearch:   3[ 10]  00:08:47        0.014135       0.6899
BFGSLineSearch:   4[ 12]  00:08:47        0.000092       0.0969
BFGSLineSearch:   5[ 13]  00:08:47        0.000000       0.0040
BFGSLineSearch:   6[ 14]  00:08:47        0.000000       0.0001
BFGSLineSearch:   7[ 16]  00:08:47        0.000000       0.0000
BFGSLineSearch:   0[  0]  00:09:16        4.619425       3.1775
BFGSLineSearch:   1[  5]  00:09:16        0.076476       2.9323
BFGSLineSearch:   2[  8]  00:09:16        0.041400       1.6682
BFGSLineSearch:   3[ 10]  00:09:16        0.014135       0.6899
BFGSLineSearch:   4[ 12]  00:09:16        0.000092       0.0969
BFGSLineSearch:   5[ 13]  00:09:16        0.000000       0.0040
BFGSLineSearch:   6[ 14]  00:09:16        0.000000       0.0001
BFGSLineSearch:   7[ 16]  00:09:16        0.000000       0.0000
BFGSLineSearch:   0[  0]  00:09:29        4.619425       3.1775
BFGSLineSearch:   1[  5]  00:09:29        0.076476       2.9323
BFGSLineSearch:   2[  8]  00:09:29        0.041400       1.6682
BFGSLineSearch:   3[ 10]  00:09:29        0.014135       0.6899
BFGSLineSearch:   4[ 12]  00:09:29        0.000092       0.0969
BFGSLineSearch:   5[ 13]  00:09:29        0.000000       0.0040
BFGSLineSearch:   6[ 14]  00:09:29        0.000000       0.0001
BFGSLineSearch:   7[ 16]  00:09:29        0.000000       0.0000
BFGSLineSearch:   0[  0]  00:09:45        4.619425       3.1775
BFGSLineSearch:   1[  5]  00:09:45        0.076476       2.9323
BFGSLineSearch:   2[  8]  00:09:45        0.041400       1.6682
BFGSLineSearch:   3[ 10]  00:09:45        0.014135       0.6899
BFGSLineSearch:   4[ 12]  00:09:45        0.000092       0.0969
BFGSLineSearch:   5[ 13]  00:09:45        0.000000       0.0040
BFGSLineSearch:   6[ 14]  00:09:45        0.000000       0.0001
BFGSLineSearch:   7[ 16]  00:09:45        0.000000       0.0000
BFGSLineSearch:   0[  0]  00:09:59        4.619425       3.1775
BFGSLineSearch:   1[  5]  00:09:59        0.076476       2.9323
BFGSLineSearch:   2[  8]  00:09:59        0.041400       1.6682
BFGSLineSearch:   3[ 10]  00:09:59        0.014135       0.6899
BFGSLineSearch:   4[ 12]  00:09:59        0.000092       0.0969
BFGSLineSearch:   5[ 13]  00:09:59        0.000000       0.0040
BFGSLineSearch:   6[ 14]  00:09:59        0.000000       0.0001
BFGSLineSearch:   7[ 16]  00:09:59        0.000000       0.0000
BFGSLineSearch:   0[  0]  00:10:11        4.619425       3.1775
BFGSLineSearch:   1[  5]  00:10:11        0.076476       2.9323
BFGSLineSearch:   2[  8]  00:10:11        0.041400       1.6682
BFGSLineSearch:   3[ 10]  00:10:11        0.014135       0.6899
BFGSLineSearch:   4[ 12]  00:10:11        0.000092       0.0969
BFGSLineSearch:   5[ 13]  00:10:11        0.000000       0.0040
BFGSLineSearch:   6[ 14]  00:10:11        0.000000       0.0001
BFGSLineSearch:   7[ 16]  00:10:11        0.000000       0.0000
BFGSLineSearch:   0[  0]  00:10:27        4.619425       3.1775
BFGSLineSearch:   1[  5]  00:10:27        0.076476       2.9323
BFGSLineSearch:   2[  8]  00:10:27        0.041400       1.6682
BFGSLineSearch:   3[ 10]  00:10:27        0.014135       0.6899
BFGSLineSearch:   4[ 12]  00:10:27        0.000092       0.0969
BFGSLineSearch:   5[ 13]  00:10:27        0.000000       0.0040
BFGSLineSearch:   6[ 14]  00:10:27        0.000000       0.0001
BFGSLineSearch:   7[ 16]  00:10:27        0.000000       0.0000
BFGSLineSearch:   0[  0]  00:15:20        4.619425       3.1775
BFGSLineSearch:   1[  5]  00:15:20        0.076476       2.9323
BFGSLineSearch:   2[  8]  00:15:20        0.041400       1.6682
BFGSLineSearch:   3[ 10]  00:15:20        0.014135       0.6899
BFGSLineSearch:   4[ 12]  00:15:20        0.000092       0.0969
BFGSLineSearch:   5[ 13]  00:15:20        0.000000       0.0040
BFGSLineSearch:   6[ 14]  00:15:20        0.000000       0.0001
BFGSLineSearch:   7[ 16]  00:15:20        0.000000       0.0000
BFGSLineSearch:   0[  0]  00:15:31        4.619425       3.1775
BFGSLineSearch:   1[  5]  00:15:31        0.076476       2.9323
BFGSLineSearch:   2[  8]  00:15:31        0.041400       1.6682
BFGSLineSearch:   3[ 10]  00:15:31        0.014135       0.6899
BFGSLineSearch:   4[ 12]  00:15:31        0.000092       0.0969
BFGSLineSearch:   5[ 13]  00:15:31        0.000000       0.0040
BFGSLineSearch:   6[ 14]  00:15:31        0.000000       0.0001
BFGSLineSearch:   7[ 16]  00:15:31        0.000000       0.0000
